2023-07-28 11:57:25 info: ===============================
2023-07-28 11:57:25 info: ========= ENV: development ==========
2023-07-28 11:57:25 info: App listening on 5000
2023-07-28 11:57:25 info: ===============================
2023-07-28 11:57:25 info: ===============================
2023-07-28 11:58:56 info: ===============================
2023-07-28 11:58:56 info: ========= ENV: development ==========
2023-07-28 11:58:56 info: App listening on 5000
2023-07-28 11:58:56 info: ===============================
2023-07-28 11:58:56 info: ===============================
2023-07-28 11:59:01 info: ===============================
2023-07-28 11:59:01 info: ========= ENV: development ==========
2023-07-28 11:59:01 info: App listening on 5000
2023-07-28 11:59:01 info: ===============================
2023-07-28 11:59:01 info: ===============================
2023-07-28 11:59:14 info: ===============================
2023-07-28 11:59:14 info: ========= ENV: development ==========
2023-07-28 11:59:14 info: App listening on 5000
2023-07-28 11:59:14 info: ===============================
2023-07-28 11:59:14 info: ===============================
2023-07-28 12:01:41 info: ===============================
2023-07-28 12:01:41 info: ========= ENV: development ==========
2023-07-28 12:01:41 info: App listening on 5000
2023-07-28 12:01:41 info: ===============================
2023-07-28 12:01:41 info: ===============================
2023-07-28 12:02:11 info: ===============================
2023-07-28 12:02:11 info: ========= ENV: development ==========
2023-07-28 12:02:11 info: App listening on 5000
2023-07-28 12:02:11 info: ===============================
2023-07-28 12:02:11 info: ===============================
2023-07-28 12:05:39 info: ===============================
2023-07-28 12:05:39 info: ========= ENV: development ==========
2023-07-28 12:05:39 info: App listening on 5000
2023-07-28 12:05:39 info: ===============================
2023-07-28 12:05:39 info: ===============================
2023-07-28 12:05:56 info: ===============================
2023-07-28 12:05:56 info: ========= ENV: development ==========
2023-07-28 12:05:56 info: App listening on 5000
2023-07-28 12:05:56 info: ===============================
2023-07-28 12:05:56 info: ===============================
2023-07-28 14:00:22 info: ===============================
2023-07-28 14:00:22 info: ========= ENV: development ==========
2023-07-28 14:00:22 info: App listening on 5000
2023-07-28 14:00:22 info: ===============================
2023-07-28 14:00:22 info: ===============================
2023-07-28 14:02:23 info: ===============================
2023-07-28 14:02:23 info: ========= ENV: development ==========
2023-07-28 14:02:23 info: App listening on 5000
2023-07-28 14:02:23 info: ===============================
2023-07-28 14:02:23 info: ===============================
2023-07-28 14:03:43 info: ===============================
2023-07-28 14:03:43 info: ========= ENV: development ==========
2023-07-28 14:03:43 info: App listening on 5000
2023-07-28 14:03:43 info: ===============================
2023-07-28 14:03:43 info: ===============================
2023-07-28 14:04:37 info: ===============================
2023-07-28 14:04:37 info: ========= ENV: development ==========
2023-07-28 14:04:37 info: App listening on 5000
2023-07-28 14:04:37 info: ===============================
2023-07-28 14:04:37 info: ===============================
2023-07-28 14:12:39 info: ===============================
2023-07-28 14:12:39 info: ========= ENV: development ==========
2023-07-28 14:12:39 info: App listening on 5000
2023-07-28 14:12:39 info: ===============================
2023-07-28 14:12:39 info: ===============================
2023-07-28 14:12:57 info: ===============================
2023-07-28 14:12:57 info: ========= ENV: development ==========
2023-07-28 14:12:57 info: App listening on 5000
2023-07-28 14:12:57 info: ===============================
2023-07-28 14:12:57 info: ===============================
2023-07-28 14:14:18 info: ===============================
2023-07-28 14:14:18 info: ========= ENV: development ==========
2023-07-28 14:14:18 info: App listening on 5000
2023-07-28 14:14:18 info: ===============================
2023-07-28 14:14:18 info: ===============================
2023-07-28 14:15:50 info: ===============================
2023-07-28 14:15:50 info: ========= ENV: development ==========
2023-07-28 14:15:50 info: App listening on 5000
2023-07-28 14:15:50 info: ===============================
2023-07-28 14:15:50 info: ===============================
2023-07-28 14:16:03 info: ===============================
2023-07-28 14:16:03 info: ========= ENV: development ==========
2023-07-28 14:16:03 info: App listening on 5000
2023-07-28 14:16:03 info: ===============================
2023-07-28 14:16:03 info: ===============================
2023-07-28 14:18:15 info: ===============================
2023-07-28 14:18:15 info: ========= ENV: development ==========
2023-07-28 14:18:15 info: App listening on 5000
2023-07-28 14:18:15 info: ===============================
2023-07-28 14:18:15 info: ===============================
2023-07-28 14:45:04 info: ===============================
2023-07-28 14:45:04 info: ========= ENV: development ==========
2023-07-28 14:45:04 info: App listening on 5000
2023-07-28 14:45:04 info: ===============================
2023-07-28 14:45:04 info: ===============================
2023-07-28 14:45:59 info: ===============================
2023-07-28 14:45:59 info: ========= ENV: development ==========
2023-07-28 14:45:59 info: App listening on 5000
2023-07-28 14:45:59 info: ===============================
2023-07-28 14:45:59 info: ===============================
2023-07-28 14:52:45 info: ===============================
2023-07-28 14:52:45 info: ========= ENV: development ==========
2023-07-28 14:52:45 info: App listening on 5000
2023-07-28 14:52:45 info: ===============================
2023-07-28 14:52:45 info: ===============================
2023-07-28 14:53:15 info: ===============================
2023-07-28 14:53:15 info: ========= ENV: development ==========
2023-07-28 14:53:15 info: App listening on 5000
2023-07-28 14:53:15 info: ===============================
2023-07-28 14:53:15 info: ===============================
2023-07-28 14:54:22 info: ===============================
2023-07-28 14:54:22 info: ========= ENV: development ==========
2023-07-28 14:54:22 info: App listening on 5000
2023-07-28 14:54:22 info: ===============================
2023-07-28 14:54:22 info: ===============================
2023-07-28 14:58:19 info: ===============================
2023-07-28 14:58:19 info: ========= ENV: development ==========
2023-07-28 14:58:19 info: App listening on 5000
2023-07-28 14:58:19 info: ===============================
2023-07-28 14:58:19 info: ===============================
2023-07-28 15:00:56 info: ===============================
2023-07-28 15:00:56 info: ========= ENV: development ==========
2023-07-28 15:00:56 info: App listening on 5000
2023-07-28 15:00:56 info: ===============================
2023-07-28 15:00:56 info: ===============================
2023-07-28 15:02:12 info: ===============================
2023-07-28 15:02:12 info: ========= ENV: development ==========
2023-07-28 15:02:12 info: App listening on 5000
2023-07-28 15:02:12 info: ===============================
2023-07-28 15:02:12 info: ===============================
2023-07-28 15:02:51 info: ===============================
2023-07-28 15:02:51 info: ========= ENV: development ==========
2023-07-28 15:02:51 info: App listening on 5000
2023-07-28 15:02:51 info: ===============================
2023-07-28 15:02:51 info: ===============================
2023-07-28 15:07:15 info: ===============================
2023-07-28 15:07:15 info: ========= ENV: development ==========
2023-07-28 15:07:15 info: App listening on 5000
2023-07-28 15:07:15 info: ===============================
2023-07-28 15:07:15 info: ===============================
2023-07-28 15:08:16 info: ===============================
2023-07-28 15:08:16 info: ========= ENV: development ==========
2023-07-28 15:08:16 info: App listening on 5000
2023-07-28 15:08:16 info: ===============================
2023-07-28 15:08:16 info: ===============================
2023-07-28 15:08:38 info: ===============================
2023-07-28 15:08:38 info: ========= ENV: development ==========
2023-07-28 15:08:38 info: App listening on 5000
2023-07-28 15:08:38 info: ===============================
2023-07-28 15:08:38 info: ===============================
2023-07-28 15:08:58 info: ===============================
2023-07-28 15:08:58 info: ========= ENV: development ==========
2023-07-28 15:08:58 info: App listening on 5000
2023-07-28 15:08:58 info: ===============================
2023-07-28 15:08:58 info: ===============================
2023-07-28 15:09:10 info: ===============================
2023-07-28 15:09:10 info: ========= ENV: development ==========
2023-07-28 15:09:10 info: App listening on 5000
2023-07-28 15:09:10 info: ===============================
2023-07-28 15:09:10 info: ===============================
2023-07-28 15:09:39 info: ===============================
2023-07-28 15:09:39 info: ========= ENV: development ==========
2023-07-28 15:09:39 info: App listening on 5000
2023-07-28 15:09:39 info: ===============================
2023-07-28 15:09:39 info: ===============================
2023-07-28 15:12:44 info: ===============================
2023-07-28 15:12:44 info: ========= ENV: development ==========
2023-07-28 15:12:44 info: App listening on 5000
2023-07-28 15:12:44 info: ===============================
2023-07-28 15:12:44 info: ===============================
2023-07-28 15:13:06 info: ===============================
2023-07-28 15:13:06 info: ========= ENV: development ==========
2023-07-28 15:13:06 info: App listening on 5000
2023-07-28 15:13:06 info: ===============================
2023-07-28 15:13:06 info: ===============================
2023-07-28 15:14:19 info: ===============================
2023-07-28 15:14:19 info: ========= ENV: development ==========
2023-07-28 15:14:19 info: App listening on 5000
2023-07-28 15:14:19 info: ===============================
2023-07-28 15:14:19 info: ===============================
2023-07-28 15:14:52 info: ===============================
2023-07-28 15:14:52 info: ========= ENV: development ==========
2023-07-28 15:14:52 info: App listening on 5000
2023-07-28 15:14:52 info: ===============================
2023-07-28 15:14:52 info: ===============================
2023-07-28 15:15:02 info: ===============================
2023-07-28 15:15:02 info: ========= ENV: development ==========
2023-07-28 15:15:02 info: App listening on 5000
2023-07-28 15:15:02 info: ===============================
2023-07-28 15:15:02 info: ===============================
2023-07-28 15:15:15 info: ===============================
2023-07-28 15:15:15 info: ========= ENV: development ==========
2023-07-28 15:15:15 info: App listening on 5000
2023-07-28 15:15:15 info: ===============================
2023-07-28 15:15:15 info: ===============================
2023-07-28 15:16:05 info: =================================
2023-07-28 15:16:05 info: ======= ENV: development =======
2023-07-28 15:16:05 info: 🚀 App listening on the port 5000
2023-07-28 15:16:05 info: =================================
2023-07-28 15:16:38 info: ===============================
2023-07-28 15:16:38 info: ========= ENV: development ==========
2023-07-28 15:16:38 info: App listening on 5000
2023-07-28 15:16:38 info: ===============================
2023-07-28 15:16:38 info: ===============================
2023-07-28 15:17:04 info: ===============================
2023-07-28 15:17:04 info: ========= ENV: development ==========
2023-07-28 15:17:04 info: App listening on 5000
2023-07-28 15:17:04 info: ===============================
2023-07-28 15:17:04 info: ===============================
2023-07-28 15:17:18 info: ===============================
2023-07-28 15:17:18 info: ========= ENV: development ==========
2023-07-28 15:17:18 info: App listening on 5000
2023-07-28 15:17:18 info: ===============================
2023-07-28 15:17:18 info: ===============================
2023-07-28 15:17:59 info: =================================
2023-07-28 15:17:59 info: ======= ENV: development =======
2023-07-28 15:17:59 info: 🚀 App listening on the port 5000
2023-07-28 15:17:59 info: =================================
2023-07-28 15:18:45 info: =================================
2023-07-28 15:18:45 info: ======= ENV: development =======
2023-07-28 15:18:45 info: 🚀 App listening on the port 5000
2023-07-28 15:18:45 info: =================================
2023-07-28 15:19:13 info: =================================
2023-07-28 15:19:13 info: ======= ENV: development =======
2023-07-28 15:19:13 info: 🚀 App listening on the port 5000
2023-07-28 15:19:13 info: =================================
2023-07-28 15:19:39 info: =================================
2023-07-28 15:19:39 info: ======= ENV: development =======
2023-07-28 15:19:39 info: 🚀 App listening on the port 5000
2023-07-28 15:19:39 info: =================================
2023-07-28 15:19:57 info: =================================
2023-07-28 15:19:57 info: ======= ENV: development =======
2023-07-28 15:19:57 info: 🚀 App listening on the port 5000
2023-07-28 15:19:57 info: =================================
2023-07-28 15:20:51 info: =================================
2023-07-28 15:20:51 info: ======= ENV: development =======
2023-07-28 15:20:51 info: 🚀 App listening on the port 5000
2023-07-28 15:20:51 info: =================================
2023-07-28 15:20:59 info: =================================
2023-07-28 15:20:59 info: ======= ENV: development =======
2023-07-28 15:20:59 info: 🚀 App listening on the port 5000
2023-07-28 15:20:59 info: =================================
2023-07-28 15:21:05 info: =================================
2023-07-28 15:21:05 info: ======= ENV: development =======
2023-07-28 15:21:05 info: 🚀 App listening on the port 5000
2023-07-28 15:21:05 info: =================================
2023-07-28 15:21:14 info: =================================
2023-07-28 15:21:14 info: ======= ENV: development =======
2023-07-28 15:21:14 info: 🚀 App listening on the port 5000
2023-07-28 15:21:14 info: =================================
2023-07-28 15:24:19 info: =================================
2023-07-28 15:24:19 info: ======= ENV: development =======
2023-07-28 15:24:19 info: 🚀 App listening on the port 5000
2023-07-28 15:24:19 info: =================================
