2023-08-11 08:35:53 info: ================================
2023-08-11 08:35:53 info: ======= ENV: development =======
2023-08-11 08:35:53 info: =App listening on the port 5000=
2023-08-11 08:35:53 info: ================================
2023-08-11 08:35:53 info: ================================
2023-08-11 08:35:53 info: ==== DB Connection success!! ===
2023-08-11 08:35:53 info: ================================
2023-08-11 08:41:22 info: ================================
2023-08-11 08:41:22 info: ======= ENV: development =======
2023-08-11 08:41:22 info: =App listening on the port 5000=
2023-08-11 08:41:22 info: ================================
2023-08-11 08:41:22 info: ================================
2023-08-11 08:41:22 info: ==== DB Connection success!! ===
2023-08-11 08:41:22 info: ================================
2023-08-11 08:42:08 info: UserService - getAllUsers
2023-08-11 08:42:54 info: UserService - deleteUserByID
2023-08-11 08:43:35 info: ================================
2023-08-11 08:43:35 info: ======= ENV: development =======
2023-08-11 08:43:35 info: =App listening on the port 5000=
2023-08-11 08:43:36 info: ================================
2023-08-11 08:43:36 info: ================================
2023-08-11 08:43:36 info: ==== DB Connection success!! ===
2023-08-11 08:43:36 info: ================================
2023-08-11 08:43:40 info: UserService - getAllUsers
2023-08-11 08:43:48 info: UserService - deleteUserByID
2023-08-11 09:22:29 info: ================================
2023-08-11 09:22:29 info: ======= ENV: development =======
2023-08-11 09:22:29 info: =App listening on the port 5000=
2023-08-11 09:22:29 info: ================================
2023-08-11 09:22:29 info: ================================
2023-08-11 09:22:29 info: ==== DB Connection success!! ===
2023-08-11 09:22:29 info: ================================
2023-08-11 09:25:53 info: ================================
2023-08-11 09:25:53 info: ======= ENV: development =======
2023-08-11 09:25:53 info: =App listening on the port 5000=
2023-08-11 09:25:53 info: ================================
2023-08-11 09:25:53 info: ================================
2023-08-11 09:25:54 info: ==== DB Connection success!! ===
2023-08-11 09:25:54 info: ================================
2023-08-11 09:29:07 info: ================================
2023-08-11 09:29:07 info: ======= ENV: development =======
2023-08-11 09:29:07 info: =App listening on the port 5000=
2023-08-11 09:29:07 info: ================================
2023-08-11 09:29:07 info: ================================
2023-08-11 09:29:07 info: ==== DB Connection success!! ===
2023-08-11 09:29:07 info: ================================
2023-08-11 09:29:18 info: ================================
2023-08-11 09:29:18 info: ======= ENV: development =======
2023-08-11 09:29:18 info: =App listening on the port 5000=
2023-08-11 09:29:18 info: ================================
2023-08-11 09:29:18 info: ================================
2023-08-11 09:29:18 info: ==== DB Connection success!! ===
2023-08-11 09:29:18 info: ================================
2023-08-11 09:29:25 info: ================================
2023-08-11 09:29:25 info: ======= ENV: development =======
2023-08-11 09:29:25 info: =App listening on the port 5000=
2023-08-11 09:29:25 info: ================================
2023-08-11 09:29:25 info: ================================
2023-08-11 09:29:25 info: ==== DB Connection success!! ===
2023-08-11 09:29:25 info: ================================
2023-08-11 09:29:35 info: ================================
2023-08-11 09:29:35 info: ======= ENV: development =======
2023-08-11 09:29:35 info: =App listening on the port 5000=
2023-08-11 09:29:35 info: ================================
2023-08-11 09:29:35 info: ================================
2023-08-11 09:29:35 info: ==== DB Connection success!! ===
2023-08-11 09:29:35 info: ================================
2023-08-11 09:30:25 info: ================================
2023-08-11 09:30:25 info: ======= ENV: development =======
2023-08-11 09:30:25 info: =App listening on the port 5000=
2023-08-11 09:30:25 info: ================================
2023-08-11 09:30:25 info: ================================
2023-08-11 09:30:25 info: ==== DB Connection success!! ===
2023-08-11 09:30:25 info: ================================
2023-08-11 09:31:32 info: ================================
2023-08-11 09:31:32 info: ======= ENV: development =======
2023-08-11 09:31:32 info: =App listening on the port 5000=
2023-08-11 09:31:32 info: ================================
2023-08-11 09:31:32 info: ================================
2023-08-11 09:31:32 info: ==== DB Connection success!! ===
2023-08-11 09:31:32 info: ================================
2023-08-11 09:40:11 info: ================================
2023-08-11 09:40:11 info: ======= ENV: development =======
2023-08-11 09:40:11 info: =App listening on the port 5000=
2023-08-11 09:40:11 info: ================================
2023-08-11 09:40:11 info: ================================
2023-08-11 09:40:11 info: ==== DB Connection success!! ===
2023-08-11 09:40:11 info: ================================
2023-08-11 09:40:27 info: ================================
2023-08-11 09:40:27 info: ======= ENV: development =======
2023-08-11 09:40:27 info: =App listening on the port 5000=
2023-08-11 09:40:27 info: ================================
2023-08-11 09:40:27 info: ================================
2023-08-11 09:40:27 info: ==== DB Connection success!! ===
2023-08-11 09:40:27 info: ================================
2023-08-11 09:43:14 info: ================================
2023-08-11 09:43:14 info: ======= ENV: development =======
2023-08-11 09:43:14 info: =App listening on the port 5000=
2023-08-11 09:43:14 info: ================================
2023-08-11 09:43:14 info: ================================
2023-08-11 09:43:14 info: ==== DB Connection success!! ===
2023-08-11 09:43:14 info: ================================
2023-08-11 09:47:04 info: ================================
2023-08-11 09:47:04 info: ======= ENV: development =======
2023-08-11 09:47:04 info: =App listening on the port 5000=
2023-08-11 09:47:04 info: ================================
2023-08-11 09:47:04 info: ================================
2023-08-11 09:47:04 info: ==== DB Connection success!! ===
2023-08-11 09:47:04 info: ================================
2023-08-11 09:47:13 info: ================================
2023-08-11 09:47:13 info: ======= ENV: development =======
2023-08-11 09:47:13 info: =App listening on the port 5000=
2023-08-11 09:47:13 info: ================================
2023-08-11 09:47:13 info: ================================
2023-08-11 09:47:13 info: ==== DB Connection success!! ===
2023-08-11 09:47:13 info: ================================
2023-08-11 09:53:33 info: ================================
2023-08-11 09:53:33 info: ======= ENV: development =======
2023-08-11 09:53:33 info: =App listening on the port 5000=
2023-08-11 09:53:33 info: ================================
2023-08-11 09:53:33 info: ================================
2023-08-11 09:53:33 info: ==== DB Connection success!! ===
2023-08-11 09:53:33 info: ================================
2023-08-11 09:53:49 info: ================================
2023-08-11 09:53:49 info: ======= ENV: development =======
2023-08-11 09:53:49 info: =App listening on the port 5000=
2023-08-11 09:53:49 info: ================================
2023-08-11 09:53:49 info: ================================
2023-08-11 09:53:49 info: ==== DB Connection success!! ===
2023-08-11 09:53:49 info: ================================
2023-08-11 10:05:15 info: ================================
2023-08-11 10:05:15 info: ======= ENV: development =======
2023-08-11 10:05:15 info: =App listening on the port 5000=
2023-08-11 10:05:15 info: ================================
