2023-08-04 08:13:16 info: =================================
2023-08-04 08:13:16 info: ======= ENV: development =======
2023-08-04 08:13:16 info: =App listening on the port 5000=
2023-08-04 08:13:16 info: =================================
2023-08-04 08:13:16 info: ================================
2023-08-04 08:13:16 info: ==== DB Connection success!! ===
2023-08-04 08:13:16 info: ================================
2023-08-04 08:13:44 info: ================================
2023-08-04 08:13:44 info: ======= ENV: development =======
2023-08-04 08:13:44 info: =App listening on the port 5000=
2023-08-04 08:13:44 info: ================================
2023-08-04 08:13:44 info: ================================
2023-08-04 08:13:44 info: ==== DB Connection success!! ===
2023-08-04 08:13:44 info: ================================
2023-08-04 09:32:14 info: ================================
2023-08-04 09:32:14 info: ======= ENV: development =======
2023-08-04 09:32:14 info: =App listening on the port 5000=
2023-08-04 09:32:14 info: ================================
2023-08-04 09:32:14 info: ================================
2023-08-04 09:32:14 info: ==== DB Connection success!! ===
2023-08-04 09:32:14 info: ================================
2023-08-04 09:37:15 info: ================================
2023-08-04 09:37:15 info: ======= ENV: development =======
2023-08-04 09:37:15 info: =App listening on the port 5000=
2023-08-04 09:37:15 info: ================================
2023-08-04 09:37:15 info: ================================
2023-08-04 09:37:15 info: ==== DB Connection success!! ===
2023-08-04 09:37:15 info: ================================
2023-08-04 09:38:36 info: ================================
2023-08-04 09:38:36 info: ======= ENV: development =======
2023-08-04 09:38:36 info: =App listening on the port 5000=
2023-08-04 09:38:36 info: ================================
2023-08-04 09:38:36 info: ================================
2023-08-04 09:38:36 info: ==== DB Connection success!! ===
2023-08-04 09:38:36 info: ================================
2023-08-04 10:20:31 info: ================================
2023-08-04 10:20:31 info: ======= ENV: development =======
2023-08-04 10:20:31 info: =App listening on the port 5000=
2023-08-04 10:20:31 info: ================================
2023-08-04 10:20:47 info: ================================
2023-08-04 10:20:47 info: ======= ENV: development =======
2023-08-04 10:20:47 info: =App listening on the port 5000=
2023-08-04 10:20:47 info: ================================
2023-08-04 10:20:48 info: ================================
2023-08-04 10:20:48 info: ==== DB Connection success!! ===
2023-08-04 10:20:48 info: ================================
2023-08-04 10:22:16 info: ================================
2023-08-04 10:22:16 info: ======= ENV: development =======
2023-08-04 10:22:16 info: =App listening on the port 5000=
2023-08-04 10:22:16 info: ================================
2023-08-04 10:22:17 info: ================================
2023-08-04 10:22:17 info: ==== DB Connection success!! ===
2023-08-04 10:22:17 info: ================================
2023-08-04 10:26:28 info: ================================
2023-08-04 10:26:28 info: ======= ENV: development =======
2023-08-04 10:26:28 info: =App listening on the port 5000=
2023-08-04 10:26:28 info: ================================
2023-08-04 10:26:28 info: ================================
2023-08-04 10:26:28 info: ==== DB Connection success!! ===
2023-08-04 10:26:28 info: ================================
2023-08-04 10:26:38 info: ================================
2023-08-04 10:26:38 info: ======= ENV: development =======
2023-08-04 10:26:38 info: =App listening on the port 5000=
2023-08-04 10:26:38 info: ================================
2023-08-04 10:26:38 info: ================================
2023-08-04 10:26:38 info: ==== DB Connection success!! ===
2023-08-04 10:26:38 info: ================================
2023-08-04 10:27:14 info: ================================
2023-08-04 10:27:14 info: ======= ENV: development =======
2023-08-04 10:27:14 info: =App listening on the port 5000=
2023-08-04 10:27:14 info: ================================
2023-08-04 10:27:15 info: ================================
2023-08-04 10:27:15 info: ==== DB Connection success!! ===
2023-08-04 10:27:15 info: ================================
2023-08-04 10:36:33 info: ================================
2023-08-04 10:36:33 info: ======= ENV: development =======
2023-08-04 10:36:33 info: =App listening on the port 5000=
2023-08-04 10:36:33 info: ================================
2023-08-04 10:37:06 info: ================================
2023-08-04 10:37:06 info: ======= ENV: development =======
2023-08-04 10:37:06 info: =App listening on the port 5000=
2023-08-04 10:37:06 info: ================================
2023-08-04 10:37:16 info: ================================
2023-08-04 10:37:16 info: ======= ENV: development =======
2023-08-04 10:37:16 info: =App listening on the port 5000=
2023-08-04 10:37:16 info: ================================
2023-08-04 10:37:27 info: ================================
2023-08-04 10:37:27 info: ======= ENV: development =======
2023-08-04 10:37:27 info: =App listening on the port 5000=
2023-08-04 10:37:27 info: ================================
2023-08-04 10:37:37 info: ================================
2023-08-04 10:37:37 info: ======= ENV: development =======
2023-08-04 10:37:37 info: =App listening on the port 5000=
2023-08-04 10:37:37 info: ================================
2023-08-04 10:37:56 info: ================================
2023-08-04 10:37:56 info: ======= ENV: development =======
2023-08-04 10:37:56 info: =App listening on the port 5000=
2023-08-04 10:37:56 info: ================================
2023-08-04 10:38:05 info: ================================
2023-08-04 10:38:05 info: ======= ENV: development =======
2023-08-04 10:38:05 info: =App listening on the port 5000=
2023-08-04 10:38:05 info: ================================
2023-08-04 10:44:32 info: ================================
2023-08-04 10:44:32 info: ======= ENV: development =======
2023-08-04 10:44:32 info: =App listening on the port 5000=
2023-08-04 10:44:32 info: ================================
2023-08-04 10:44:46 info: ================================
2023-08-04 10:44:46 info: ======= ENV: development =======
2023-08-04 10:44:46 info: =App listening on the port 5000=
2023-08-04 10:44:46 info: ================================
2023-08-04 10:44:46 info: ================================
2023-08-04 10:44:46 info: ==== DB Connection success!! ===
2023-08-04 10:44:46 info: ================================
2023-08-04 10:45:53 info: ================================
2023-08-04 10:45:53 info: ======= ENV: development =======
2023-08-04 10:45:53 info: =App listening on the port 5000=
2023-08-04 10:45:53 info: ================================
2023-08-04 10:45:53 info: ================================
2023-08-04 10:45:53 info: ==== DB Connection success!! ===
2023-08-04 10:45:53 info: ================================
2023-08-04 10:46:19 info: ================================
2023-08-04 10:46:19 info: ======= ENV: development =======
2023-08-04 10:46:19 info: =App listening on the port 5000=
2023-08-04 10:46:19 info: ================================
2023-08-04 10:46:19 info: ================================
2023-08-04 10:46:19 info: ==== DB Connection success!! ===
2023-08-04 10:46:19 info: ================================
2023-08-04 10:46:24 info: ================================
2023-08-04 10:46:24 info: ======= ENV: development =======
2023-08-04 10:46:24 info: =App listening on the port 5000=
2023-08-04 10:46:24 info: ================================
2023-08-04 10:46:24 info: ================================
2023-08-04 10:46:24 info: ==== DB Connection success!! ===
2023-08-04 10:46:24 info: ================================
2023-08-04 10:51:18 info: ================================
2023-08-04 10:51:18 info: ======= ENV: development =======
2023-08-04 10:51:18 info: =App listening on the port 5000=
2023-08-04 10:51:18 info: ================================
2023-08-04 10:51:18 info: ================================
2023-08-04 10:51:18 info: ==== DB Connection success!! ===
2023-08-04 10:51:18 info: ================================
2023-08-04 10:51:30 info: ================================
2023-08-04 10:51:30 info: ======= ENV: development =======
2023-08-04 10:51:30 info: =App listening on the port 5000=
2023-08-04 10:51:30 info: ================================
2023-08-04 10:51:30 info: ================================
2023-08-04 10:51:30 info: ==== DB Connection success!! ===
2023-08-04 10:51:30 info: ================================
2023-08-04 10:58:50 info: ================================
2023-08-04 10:58:50 info: ======= ENV: development =======
2023-08-04 10:58:50 info: =App listening on the port 5000=
2023-08-04 10:58:50 info: ================================
2023-08-04 10:59:15 info: ================================
2023-08-04 10:59:15 info: ======= ENV: development =======
2023-08-04 10:59:15 info: =App listening on the port 5000=
2023-08-04 10:59:15 info: ================================
2023-08-04 11:00:00 info: ================================
2023-08-04 11:00:00 info: ======= ENV: development =======
2023-08-04 11:00:00 info: =App listening on the port 5000=
2023-08-04 11:00:00 info: ================================
2023-08-04 11:02:13 info: ================================
2023-08-04 11:02:13 info: ======= ENV: development =======
2023-08-04 11:02:13 info: =App listening on the port 5000=
2023-08-04 11:02:13 info: ================================
2023-08-04 11:02:13 info: ================================
2023-08-04 11:02:13 info: ==== DB Connection success!! ===
2023-08-04 11:02:13 info: ================================
2023-08-04 11:02:40 info: ================================
2023-08-04 11:02:40 info: ======= ENV: development =======
2023-08-04 11:02:40 info: =App listening on the port 5000=
2023-08-04 11:02:40 info: ================================
2023-08-04 11:02:40 info: ================================
2023-08-04 11:02:40 info: ==== DB Connection success!! ===
2023-08-04 11:02:40 info: ================================
2023-08-04 11:05:32 info: ================================
2023-08-04 11:05:32 info: ======= ENV: development =======
2023-08-04 11:05:32 info: =App listening on the port 5000=
2023-08-04 11:05:32 info: ================================
2023-08-04 11:05:32 info: ================================
2023-08-04 11:05:32 info: ==== DB Connection success!! ===
2023-08-04 11:05:32 info: ================================
2023-08-04 11:06:35 info: ================================
2023-08-04 11:06:35 info: ======= ENV: development =======
2023-08-04 11:06:35 info: =App listening on the port 5000=
2023-08-04 11:06:35 info: ================================
2023-08-04 11:06:35 info: ================================
2023-08-04 11:06:35 info: ==== DB Connection success!! ===
2023-08-04 11:06:35 info: ================================
