2023-08-10 14:35:50 info: ================================
2023-08-10 14:35:50 info: ======= ENV: development =======
2023-08-10 14:35:50 info: =App listening on the port 5000=
2023-08-10 14:35:50 info: ================================
2023-08-10 14:35:50 info: ================================
2023-08-10 14:35:50 info: ==== DB Connection success!! ===
2023-08-10 14:35:50 info: ================================
2023-08-10 15:33:36 info: ================================
2023-08-10 15:33:36 info: ======= ENV: development =======
2023-08-10 15:33:36 info: =App listening on the port 5000=
2023-08-10 15:33:36 info: ================================
2023-08-10 15:33:37 info: ================================
2023-08-10 15:33:37 info: ==== DB Connection success!! ===
2023-08-10 15:33:37 info: ================================
2023-08-10 15:35:55 info: ================================
2023-08-10 15:35:55 info: ======= ENV: development =======
2023-08-10 15:35:55 info: =App listening on the port 5000=
2023-08-10 15:35:55 info: ================================
2023-08-10 15:35:55 info: ================================
2023-08-10 15:35:55 info: ==== DB Connection success!! ===
2023-08-10 15:35:55 info: ================================
2023-08-10 15:36:39 info: ================================
2023-08-10 15:36:39 info: ======= ENV: development =======
2023-08-10 15:36:39 info: =App listening on the port 5000=
2023-08-10 15:36:39 info: ================================
2023-08-10 15:36:39 info: ================================
2023-08-10 15:36:39 info: ==== DB Connection success!! ===
2023-08-10 15:36:39 info: ================================
2023-08-10 15:37:07 info: ================================
2023-08-10 15:37:07 info: ======= ENV: development =======
2023-08-10 15:37:07 info: =App listening on the port 5000=
2023-08-10 15:37:07 info: ================================
2023-08-10 15:37:07 info: ================================
2023-08-10 15:37:07 info: ==== DB Connection success!! ===
2023-08-10 15:37:07 info: ================================
2023-08-10 15:37:22 info: ================================
2023-08-10 15:37:22 info: ======= ENV: development =======
2023-08-10 15:37:22 info: =App listening on the port 5000=
2023-08-10 15:37:22 info: ================================
2023-08-10 15:37:22 info: ================================
2023-08-10 15:37:22 info: ==== DB Connection success!! ===
2023-08-10 15:37:22 info: ================================
2023-08-10 15:44:53 info: ================================
2023-08-10 15:44:53 info: ======= ENV: development =======
2023-08-10 15:44:53 info: =App listening on the port 5000=
2023-08-10 15:44:53 info: ================================
2023-08-10 15:44:53 info: ================================
2023-08-10 15:44:53 info: ==== DB Connection success!! ===
2023-08-10 15:44:53 info: ================================
2023-08-10 15:46:47 info: ================================
2023-08-10 15:46:47 info: ======= ENV: development =======
2023-08-10 15:46:47 info: =App listening on the port 5000=
2023-08-10 15:46:47 info: ================================
2023-08-10 15:46:47 info: ================================
2023-08-10 15:46:47 info: ==== DB Connection success!! ===
2023-08-10 15:46:47 info: ================================
2023-08-10 15:47:17 info: ================================
2023-08-10 15:47:17 info: ======= ENV: development =======
2023-08-10 15:47:17 info: =App listening on the port 5000=
2023-08-10 15:47:17 info: ================================
2023-08-10 15:47:17 info: ================================
2023-08-10 15:47:17 info: ==== DB Connection success!! ===
2023-08-10 15:47:17 info: ================================
2023-08-10 15:48:03 info: ================================
2023-08-10 15:48:03 info: ======= ENV: development =======
2023-08-10 15:48:03 info: =App listening on the port 5000=
2023-08-10 15:48:03 info: ================================
2023-08-10 15:48:03 info: ================================
2023-08-10 15:48:03 info: ==== DB Connection success!! ===
2023-08-10 15:48:03 info: ================================
2023-08-10 15:48:07 info: ================================
2023-08-10 15:48:07 info: ======= ENV: development =======
2023-08-10 15:48:07 info: =App listening on the port 5000=
2023-08-10 15:48:07 info: ================================
2023-08-10 15:48:07 info: ================================
2023-08-10 15:48:07 info: ==== DB Connection success!! ===
2023-08-10 15:48:07 info: ================================
2023-08-10 15:50:32 info: ================================
2023-08-10 15:50:32 info: ======= ENV: development =======
2023-08-10 15:50:32 info: =App listening on the port 5000=
2023-08-10 15:50:32 info: ================================
2023-08-10 15:51:11 info: ================================
2023-08-10 15:51:11 info: ======= ENV: development =======
2023-08-10 15:51:11 info: =App listening on the port 5000=
2023-08-10 15:51:11 info: ================================
2023-08-10 15:51:11 info: ================================
2023-08-10 15:51:11 info: ==== DB Connection success!! ===
2023-08-10 15:51:11 info: ================================
2023-08-10 15:57:29 info: UserService - createUser
2023-08-10 15:58:19 info: ================================
2023-08-10 15:58:19 info: ======= ENV: development =======
2023-08-10 15:58:19 info: =App listening on the port 5000=
2023-08-10 15:58:19 info: ================================
2023-08-10 15:58:19 info: ================================
2023-08-10 15:58:19 info: ==== DB Connection success!! ===
2023-08-10 15:58:19 info: ================================
2023-08-10 15:58:24 info: UserService - createUser
2023-08-10 16:01:35 info: ================================
2023-08-10 16:01:35 info: ======= ENV: development =======
2023-08-10 16:01:35 info: =App listening on the port 5000=
2023-08-10 16:01:35 info: ================================
2023-08-10 16:01:35 info: ================================
2023-08-10 16:01:35 info: ==== DB Connection success!! ===
2023-08-10 16:01:35 info: ================================
2023-08-10 16:01:44 info: UserService - getAllUsers
2023-08-10 16:14:39 info: ================================
2023-08-10 16:14:39 info: ======= ENV: development =======
2023-08-10 16:14:39 info: =App listening on the port 5000=
2023-08-10 16:14:39 info: ================================
2023-08-10 16:14:40 info: ================================
2023-08-10 16:14:40 info: ==== DB Connection success!! ===
2023-08-10 16:14:40 info: ================================
2023-08-10 16:17:13 info: ================================
2023-08-10 16:17:13 info: ======= ENV: development =======
2023-08-10 16:17:13 info: =App listening on the port 5000=
2023-08-10 16:17:13 info: ================================
2023-08-10 16:17:13 info: ================================
2023-08-10 16:17:13 info: ==== DB Connection success!! ===
2023-08-10 16:17:13 info: ================================
2023-08-10 16:17:22 info: UserService - createUser
2023-08-10 16:19:16 info: UserService - getAllUsers
2023-08-10 16:21:33 info: ================================
2023-08-10 16:21:33 info: ======= ENV: development =======
2023-08-10 16:21:33 info: =App listening on the port 5000=
2023-08-10 16:21:33 info: ================================
2023-08-10 16:21:33 info: ================================
2023-08-10 16:21:33 info: ==== DB Connection success!! ===
2023-08-10 16:21:33 info: ================================
2023-08-10 16:22:54 info: UserService - createUser
2023-08-10 16:22:57 info: UserService - getAllUsers
2023-08-10 16:23:14 info: UserService - getUserById
2023-08-10 16:24:23 info: ================================
2023-08-10 16:24:23 info: ======= ENV: development =======
2023-08-10 16:24:23 info: =App listening on the port 5000=
2023-08-10 16:24:23 info: ================================
2023-08-10 16:24:23 info: ================================
2023-08-10 16:24:23 info: ==== DB Connection success!! ===
2023-08-10 16:24:23 info: ================================
2023-08-10 16:26:21 info: UserService - updateUserByID
2023-08-10 16:27:30 info: UserService - getUserById
2023-08-10 16:28:25 info: UserService - deleteUserByID
2023-08-10 16:28:29 info: UserService - getAllUsers
2023-08-10 16:30:34 info: ================================
2023-08-10 16:30:34 info: ======= ENV: development =======
2023-08-10 16:30:34 info: =App listening on the port 5000=
2023-08-10 16:30:34 info: ================================
2023-08-10 16:30:35 info: ================================
2023-08-10 16:30:35 info: ==== DB Connection success!! ===
2023-08-10 16:30:35 info: ================================
2023-08-10 16:30:44 info: UserService - getUserById
2023-08-10 16:33:05 info: ================================
2023-08-10 16:33:05 info: ======= ENV: development =======
2023-08-10 16:33:05 info: =App listening on the port 5000=
2023-08-10 16:33:05 info: ================================
2023-08-10 16:33:05 info: ================================
2023-08-10 16:33:05 info: ==== DB Connection success!! ===
2023-08-10 16:33:05 info: ================================
2023-08-10 16:33:56 info: UserService - createUser
2023-08-10 16:34:41 info: ================================
2023-08-10 16:34:41 info: ======= ENV: development =======
2023-08-10 16:34:41 info: =App listening on the port 5000=
2023-08-10 16:34:41 info: ================================
2023-08-10 16:34:41 info: ================================
2023-08-10 16:34:41 info: ==== DB Connection success!! ===
2023-08-10 16:34:41 info: ================================
2023-08-10 16:34:44 info: UserService - createUser
