2023-08-03 08:54:22 info: =================================
2023-08-03 08:54:22 info: ======= ENV: development =======
2023-08-03 08:54:22 info: 🚀 App listening on the port 5000
2023-08-03 08:54:22 info: =================================
2023-08-03 09:10:06 info: =================================
2023-08-03 09:10:06 info: ======= ENV: development =======
2023-08-03 09:10:06 info: 🚀 App listening on the port 5000
2023-08-03 09:10:06 info: =================================
2023-08-03 10:00:12 info: ================================
2023-08-03 10:00:12 info: ======== URL: 3412 ========
2023-08-03 10:00:12 info: ======== URL: testimonials_dv_dev ========
2023-08-03 10:00:12 info: ================================
2023-08-03 10:00:12 info: =================================
2023-08-03 10:00:12 info: ======= ENV: development =======
2023-08-03 10:00:12 info: 🚀 App listening on the port 5000
2023-08-03 10:00:12 info: =================================
2023-08-03 10:01:13 info: ================================
2023-08-03 10:01:13 info: ======== URL: 3412 ========
2023-08-03 10:01:13 info: ======== URL: testimonials_dv_dev ========
2023-08-03 10:01:13 info: ================================
2023-08-03 10:01:13 info: =================================
2023-08-03 10:01:13 info: ======= ENV: development =======
2023-08-03 10:01:13 info: 🚀 App listening on the port 5000
2023-08-03 10:01:13 info: =================================
2023-08-03 10:01:20 info: ================================
2023-08-03 10:01:20 info: ======== URL: 3412 ========
2023-08-03 10:01:20 info: ======== URL: testimonials_dv_dev ========
2023-08-03 10:01:20 info: ================================
2023-08-03 10:01:20 info: =================================
2023-08-03 10:01:20 info: ======= ENV: development =======
2023-08-03 10:01:20 info: 🚀 App listening on the port 5000
2023-08-03 10:01:20 info: =================================
2023-08-03 10:01:31 info: ================================
2023-08-03 10:01:31 info: ======== URL: 3412 ========
2023-08-03 10:01:31 info: ======== URL: testimonials_dv_dev ========
2023-08-03 10:01:31 info: ================================
2023-08-03 10:01:31 info: =================================
2023-08-03 10:01:31 info: ======= ENV: development =======
2023-08-03 10:01:31 info: 🚀 App listening on the port 5000
2023-08-03 10:01:31 info: =================================
2023-08-03 10:02:21 info: ================================
2023-08-03 10:02:21 info: ======== URL: 3412 ========
2023-08-03 10:02:21 info: ======== URL: testimonials_dv_dev ========
2023-08-03 10:02:21 info: ================================
2023-08-03 10:02:21 info: =================================
2023-08-03 10:02:21 info: ======= ENV: development =======
2023-08-03 10:02:21 info: 🚀 App listening on the port 5000
2023-08-03 10:02:21 info: =================================
2023-08-03 10:25:08 info: ================================
2023-08-03 10:25:08 info: ======== URL: 3412 ========
2023-08-03 10:25:08 info: ======== URL: testimonials_dv_dev ========
2023-08-03 10:25:08 info: ================================
2023-08-03 10:25:08 info: =================================
2023-08-03 10:25:08 info: ======= ENV: development =======
2023-08-03 10:25:08 info: 🚀 App listening on the port 5000
2023-08-03 10:25:08 info: =================================
2023-08-03 10:36:33 info: ================================
2023-08-03 10:36:33 info: ======== URL: 3412 ========
2023-08-03 10:36:33 info: ======== URL: testimonials_dv_dev ========
2023-08-03 10:36:33 info: ================================
2023-08-03 10:36:33 info: =================================
2023-08-03 10:36:33 info: ======= ENV: development =======
2023-08-03 10:36:33 info: 🚀 App listening on the port 5000
2023-08-03 10:36:33 info: =================================
2023-08-03 10:36:53 info: =================================
2023-08-03 10:36:53 info: ======= ENV: development =======
2023-08-03 10:36:53 info: 🚀 App listening on the port 5000
2023-08-03 10:36:53 info: =================================
2023-08-03 10:37:09 info: =================================
2023-08-03 10:37:09 info: ======= ENV: development =======
2023-08-03 10:37:09 info: 🚀 App listening on the port 5000
2023-08-03 10:37:09 info: =================================
2023-08-03 10:37:49 info: =================================
2023-08-03 10:37:49 info: ======= ENV: development =======
2023-08-03 10:37:49 info: 🚀 App listening on the port 5000
2023-08-03 10:37:49 info: =================================
2023-08-03 10:38:18 info: =================================
2023-08-03 10:38:18 info: ======= ENV: development =======
2023-08-03 10:38:18 info: 🚀 App listening on the port 5000
2023-08-03 10:38:18 info: =================================
2023-08-03 10:38:44 info: =================================
2023-08-03 10:38:44 info: ======= ENV: development =======
2023-08-03 10:38:44 info: 🚀 App listening on the port 5000
2023-08-03 10:38:44 info: =================================
2023-08-03 10:42:07 info: =================================
2023-08-03 10:42:07 info: ======= ENV: development =======
2023-08-03 10:42:07 info: 🚀 App listening on the port 5000
2023-08-03 10:42:07 info: =================================
2023-08-03 10:42:08 info: =================================
2023-08-03 10:42:08 info: ==== DB Connection success!! ====
2023-08-03 10:42:08 info: =================================
2023-08-03 10:42:15 info: =================================
2023-08-03 10:42:15 info: ======= ENV: development =======
2023-08-03 10:42:15 info: 🚀 App listening on the port 5000
2023-08-03 10:42:15 info: =================================
2023-08-03 10:42:15 info: =================================
2023-08-03 10:42:15 info: ==== DB Connection success!! ====
2023-08-03 10:42:15 info: =================================
2023-08-03 10:42:38 info: =================================
2023-08-03 10:42:38 info: ======= ENV: development =======
2023-08-03 10:42:38 info: App listening on the port 5000
2023-08-03 10:42:38 info: =================================
2023-08-03 10:42:38 info: =================================
2023-08-03 10:42:38 info: ==== DB Connection success!! ====
2023-08-03 10:42:38 info: =================================
2023-08-03 10:42:52 info: =================================
2023-08-03 10:42:52 info: ======= ENV: development =======
2023-08-03 10:42:52 info: =App listening on the port 5000=
2023-08-03 10:42:52 info: =================================
2023-08-03 10:42:52 info: =================================
2023-08-03 10:42:52 info: ==== DB Connection success!! ====
2023-08-03 10:42:52 info: =================================
2023-08-03 10:43:11 info: =================================
2023-08-03 10:43:11 info: ======= ENV: development =======
2023-08-03 10:43:11 info: =App listening on the port 5000=
2023-08-03 10:43:11 info: =================================
2023-08-03 10:43:11 info: ================================
2023-08-03 10:43:11 info: ==== DB Connection success!! ===
2023-08-03 10:43:11 info: ================================
2023-08-03 11:23:10 info: =================================
2023-08-03 11:23:10 info: ======= ENV: development =======
2023-08-03 11:23:10 info: =App listening on the port 5000=
2023-08-03 11:23:10 info: =================================
2023-08-03 11:23:10 info: ================================
2023-08-03 11:23:10 info: ==== DB Connection success!! ===
2023-08-03 11:23:10 info: ================================
2023-08-03 11:24:41 info: =================================
2023-08-03 11:24:41 info: ======= ENV: development =======
2023-08-03 11:24:41 info: =App listening on the port 5000=
2023-08-03 11:24:41 info: =================================
2023-08-03 11:24:41 info: ================================
2023-08-03 11:24:41 info: ==== DB Connection success!! ===
2023-08-03 11:24:41 info: ================================
2023-08-03 11:24:55 info: =================================
2023-08-03 11:24:55 info: ======= ENV: development =======
2023-08-03 11:24:55 info: =App listening on the port 5000=
2023-08-03 11:24:55 info: =================================
2023-08-03 11:24:55 info: ================================
2023-08-03 11:24:55 info: ==== DB Connection success!! ===
2023-08-03 11:24:55 info: ================================
2023-08-03 11:28:33 info: =================================
2023-08-03 11:28:33 info: ======= ENV: development =======
2023-08-03 11:28:33 info: =App listening on the port 5000=
2023-08-03 11:28:33 info: =================================
2023-08-03 11:28:33 info: ================================
2023-08-03 11:28:33 info: ==== DB Connection success!! ===
2023-08-03 11:28:33 info: ================================
2023-08-03 11:28:50 info: =================================
2023-08-03 11:28:50 info: ======= ENV: development =======
2023-08-03 11:28:50 info: =App listening on the port 5000=
2023-08-03 11:28:50 info: =================================
2023-08-03 11:28:50 info: ================================
2023-08-03 11:28:50 info: ==== DB Connection success!! ===
2023-08-03 11:28:50 info: ================================
2023-08-03 11:29:11 info: =================================
2023-08-03 11:29:11 info: ======= ENV: development =======
2023-08-03 11:29:11 info: =App listening on the port 5000=
2023-08-03 11:29:11 info: =================================
2023-08-03 11:29:11 info: ================================
2023-08-03 11:29:11 info: ==== DB Connection success!! ===
2023-08-03 11:29:11 info: ================================
2023-08-03 11:30:55 info: =================================
2023-08-03 11:30:55 info: ======= ENV: development =======
2023-08-03 11:30:55 info: =App listening on the port 5000=
2023-08-03 11:30:55 info: =================================
2023-08-03 11:30:55 info: ================================
2023-08-03 11:30:55 info: ==== DB Connection success!! ===
2023-08-03 11:30:55 info: ================================
2023-08-03 11:31:13 info: =================================
2023-08-03 11:31:13 info: ======= ENV: development =======
2023-08-03 11:31:13 info: =App listening on the port 5000=
2023-08-03 11:31:13 info: =================================
2023-08-03 11:31:13 info: ================================
2023-08-03 11:31:13 info: ==== DB Connection success!! ===
2023-08-03 11:31:13 info: ================================
2023-08-03 11:31:23 info: =================================
2023-08-03 11:31:23 info: ======= ENV: development =======
2023-08-03 11:31:23 info: =App listening on the port 5000=
2023-08-03 11:31:23 info: =================================
2023-08-03 11:31:24 info: ================================
2023-08-03 11:31:24 info: ==== DB Connection success!! ===
2023-08-03 11:31:24 info: ================================
2023-08-03 11:31:45 info: =================================
2023-08-03 11:31:45 info: ======= ENV: development =======
2023-08-03 11:31:45 info: =App listening on the port 5000=
2023-08-03 11:31:45 info: =================================
2023-08-03 11:31:45 info: ================================
2023-08-03 11:31:45 info: ==== DB Connection success!! ===
2023-08-03 11:31:45 info: ================================
2023-08-03 11:33:18 info: =================================
2023-08-03 11:33:18 info: ======= ENV: development =======
2023-08-03 11:33:18 info: =App listening on the port 5000=
2023-08-03 11:33:18 info: =================================
2023-08-03 11:33:18 info: ================================
2023-08-03 11:33:18 info: ==== DB Connection success!! ===
2023-08-03 11:33:18 info: ================================
2023-08-03 12:09:19 info: =================================
2023-08-03 12:09:19 info: ======= ENV: development =======
2023-08-03 12:09:19 info: =App listening on the port 5000=
2023-08-03 12:09:19 info: =================================
2023-08-03 12:09:19 info: ================================
2023-08-03 12:09:19 info: ==== DB Connection success!! ===
2023-08-03 12:09:19 info: ================================
2023-08-03 14:23:04 info: =================================
2023-08-03 14:23:04 info: ======= ENV: development =======
2023-08-03 14:23:04 info: =App listening on the port 5000=
2023-08-03 14:23:04 info: =================================
2023-08-03 14:23:04 info: ================================
2023-08-03 14:23:04 info: ==== DB Connection success!! ===
2023-08-03 14:23:04 info: ================================
2023-08-03 14:38:06 info: =================================
2023-08-03 14:38:06 info: ======= ENV: development =======
2023-08-03 14:38:06 info: =App listening on the port 5000=
2023-08-03 14:38:06 info: =================================
2023-08-03 14:38:06 info: ================================
2023-08-03 14:38:06 info: ==== DB Connection success!! ===
2023-08-03 14:38:06 info: ================================
2023-08-03 14:38:41 info: =================================
2023-08-03 14:38:41 info: ======= ENV: development =======
2023-08-03 14:38:41 info: =App listening on the port 5000=
2023-08-03 14:38:41 info: =================================
2023-08-03 14:38:42 info: ================================
2023-08-03 14:38:42 info: ==== DB Connection success!! ===
2023-08-03 14:38:42 info: ================================
2023-08-03 14:40:20 info: =================================
2023-08-03 14:40:20 info: ======= ENV: development =======
2023-08-03 14:40:20 info: =App listening on the port 5000=
2023-08-03 14:40:20 info: =================================
2023-08-03 14:40:20 info: ================================
2023-08-03 14:40:20 info: ==== DB Connection success!! ===
2023-08-03 14:40:20 info: ================================
2023-08-03 14:41:20 info: =================================
2023-08-03 14:41:20 info: ======= ENV: development =======
2023-08-03 14:41:20 info: =App listening on the port 5000=
2023-08-03 14:41:20 info: =================================
2023-08-03 14:41:20 info: ================================
2023-08-03 14:41:20 info: ==== DB Connection success!! ===
2023-08-03 14:41:20 info: ================================
2023-08-03 14:42:55 info: =================================
2023-08-03 14:42:55 info: ======= ENV: development =======
2023-08-03 14:42:55 info: =App listening on the port 5000=
2023-08-03 14:42:55 info: =================================
2023-08-03 14:42:55 info: ================================
2023-08-03 14:42:55 info: ==== DB Connection success!! ===
2023-08-03 14:42:55 info: ================================
2023-08-03 14:49:38 info: =================================
2023-08-03 14:49:38 info: ======= ENV: development =======
2023-08-03 14:49:38 info: =App listening on the port 5000=
2023-08-03 14:49:38 info: =================================
2023-08-03 14:49:38 info: ================================
2023-08-03 14:49:38 info: ==== DB Connection success!! ===
2023-08-03 14:49:38 info: ================================
2023-08-03 14:53:37 info: =================================
2023-08-03 14:53:37 info: ======= ENV: development =======
2023-08-03 14:53:37 info: =App listening on the port 5000=
2023-08-03 14:53:37 info: =================================
2023-08-03 14:53:37 info: ================================
2023-08-03 14:53:37 info: ==== DB Connection success!! ===
2023-08-03 14:53:37 info: ================================
2023-08-03 15:04:21 info: =================================
2023-08-03 15:04:21 info: ======= ENV: development =======
2023-08-03 15:04:21 info: =App listening on the port 5000=
2023-08-03 15:04:21 info: =================================
2023-08-03 15:04:21 info: ================================
2023-08-03 15:04:21 info: ==== DB Connection success!! ===
2023-08-03 15:04:21 info: ================================
2023-08-03 15:05:09 info: =================================
2023-08-03 15:05:09 info: ======= ENV: development =======
2023-08-03 15:05:09 info: =App listening on the port 5000=
2023-08-03 15:05:09 info: =================================
2023-08-03 15:05:09 info: ================================
2023-08-03 15:05:09 info: ==== DB Connection success!! ===
2023-08-03 15:05:09 info: ================================
2023-08-03 15:05:57 info: =================================
2023-08-03 15:05:57 info: ======= ENV: development =======
2023-08-03 15:05:57 info: =App listening on the port 5000=
2023-08-03 15:05:57 info: =================================
2023-08-03 15:05:57 info: ================================
2023-08-03 15:05:57 info: ==== DB Connection success!! ===
2023-08-03 15:05:57 info: ================================
2023-08-03 16:26:42 info: =================================
2023-08-03 16:26:42 info: ======= ENV: development =======
2023-08-03 16:26:42 info: =App listening on the port 5000=
2023-08-03 16:26:42 info: =================================
2023-08-03 16:26:42 info: ================================
2023-08-03 16:26:42 info: ==== DB Connection success!! ===
2023-08-03 16:26:42 info: ================================
